<?xml version="1.0" encoding="UTF-8"?>
<!-- Generated by org.testng.reporters.JUnitReportReporter -->
<testsuite skipped="0" hostname="DESKTOP-TK6NA9H" name="com.newConcepts.NewTabWindow" tests="1" failures="0" timestamp="26 Aug 2020 06:15:48 GMT" time="12.620" errors="0">
  <testcase name="newtabwindow" time="12.620" classname="com.newConcepts.NewTabWindow"/>
</testsuite> <!-- com.newConcepts.NewTabWindow -->
