<?xml version="1.0" encoding="UTF-8"?>
<!-- Generated by org.testng.reporters.JUnitReportReporter -->
<testsuite skipped="0" hostname="DESKTOP-TK6NA9H" name="com.newConcepts.VerifyErrorMessageAssert" tests="1" failures="0" timestamp="26 Aug 2020 04:51:42 GMT" time="16.115" errors="0">
  <testcase name="verifyerror" time="16.115" classname="com.newConcepts.VerifyErrorMessageAssert"/>
</testsuite> <!-- com.newConcepts.VerifyErrorMessageAssert -->
