<?xml version="1.0" encoding="UTF-8"?>
<!-- Generated by org.testng.reporters.JUnitReportReporter -->
<testsuite skipped="0" hostname="DESKTOP-TK6NA9H" name="com.newConcepts.GeoLocation" tests="1" failures="0" timestamp="26 Aug 2020 06:58:10 GMT" time="18.566" errors="0">
  <testcase name="loc" time="18.566" classname="com.newConcepts.GeoLocation"/>
</testsuite> <!-- com.newConcepts.GeoLocation -->
