<?xml version="1.0" encoding="UTF-8"?>
<!-- Generated by org.testng.reporters.JUnitReportReporter -->
<testsuite skipped="0" hostname="DESKTOP-TK6NA9H" name="com.newConcepts.SpecialLocatorsInVersion4" tests="1" failures="0" timestamp="26 Aug 2020 06:13:17 GMT" time="36.890" errors="0">
  <testcase name="spcl_locatrs" time="36.890" classname="com.newConcepts.SpecialLocatorsInVersion4"/>
</testsuite> <!-- com.newConcepts.SpecialLocatorsInVersion4 -->
