<?xml version="1.0" encoding="UTF-8"?>
<!-- Generated by org.testng.reporters.JUnitReportReporter -->
<testsuite skipped="0" hostname="DESKTOP-TK6NA9H" name="com.newConcepts.GetRect" tests="1" failures="0" timestamp="26 Aug 2020 08:23:13 GMT" time="15.554" errors="0">
  <testcase name="getrect" time="15.554" classname="com.newConcepts.GetRect"/>
</testsuite> <!-- com.newConcepts.GetRect -->
