<?xml version="1.0" encoding="UTF-8"?>
<!-- Generated by org.testng.reporters.JUnitReportReporter -->
<testsuite skipped="0" hostname="DESKTOP-TK6NA9H" name="com.newConcepts.CharacterSequence" tests="1" failures="0" timestamp="26 Aug 2020 05:23:15 GMT" time="17.952" errors="0">
  <testcase name="charseq" time="17.952" classname="com.newConcepts.CharacterSequence"/>
</testsuite> <!-- com.newConcepts.CharacterSequence -->
